<?xml version="1.0" encoding="UTF-8"?>
<testsuite name="gitHub.HW_1_GithubTest" tests="1" skipped="0" failures="0" errors="0" timestamp="2022-12-29T11:31:06" hostname="LAPTOP-57D3LCEV" time="11.222">
  <properties/>
  <testcase name="hw_1GitHub()" classname="gitHub.HW_1_GithubTest" time="11.222"/>
  <system-out><![CDATA[]]></system-out>
  <system-err><![CDATA[SLF4J: No SLF4J providers were found.
SLF4J: Defaulting to no-operation (NOP) logger implementation
SLF4J: See https://www.slf4j.org/codes.html#noProviders for further details.
Starting ChromeDriver 108.0.5359.71 (1e0e3868ee06e91ad636a874420e3ca3ae3756ac-refs/branch-heads/5359@{#1016}) on port 46333
Only local connections are allowed.
Please see https://chromedriver.chromium.org/security-considerations for suggestions on keeping ChromeDriver safe.
ChromeDriver was started successfully.
]]></system-err>
</testsuite>
